2024-06-20T17:41:31  chore: bump dev tooling
2024-07-09T12:58:38  docs: expand examples
2024-08-04T19:15:45  test: strengthen coverage
2024-08-31T14:32:52  chore: tune defaults
2024-09-26T09:49:59  refactor: simplify helper
2024-10-23T16:06:06  chore: routine maintenance
2024-11-11T11:23:13  docs: clarify usage notes
2024-12-08T18:40:20  test: add edge case
2025-01-03T13:57:27  refactor: tidy internals
2025-01-30T08:14:34  fix: handle empty input gracefully
2025-02-01T15:31:41  perf: micro-optimization
2025-02-28T10:48:48  style: formatting
2025-04-12T17:05:55  chore: bump dev tooling
2025-04-15T12:22:02  docs: expand examples
2025-05-11T19:39:09  test: strengthen coverage
2025-06-07T14:56:16  chore: tune defaults
2025-07-03T09:13:23  refactor: simplify helper
2025-07-29T16:30:30  chore: routine maintenance
2025-08-18T11:47:37  docs: clarify usage notes
2025-09-13T18:04:44  test: add edge case
2025-10-10T13:21:51  refactor: tidy internals
2025-11-05T08:38:58  fix: handle empty input gracefully
2025-12-02T15:55:05  perf: micro-optimization
2025-12-21T10:12:12  style: formatting
2026-01-17T17:29:19  chore: bump dev tooling
2026-02-12T12:46:26  docs: expand examples
2026-03-11T19:03:33  test: strengthen coverage
2026-04-06T14:20:40  chore: tune defaults
2026-05-03T09:37:47  refactor: simplify helper
2026-05-22T16:54:54  chore: routine maintenance
2024-08-25T17:41:31  docs: ELI5 pass
2024-10-07T12:58:38  refactor: future me will understand this
2025-01-29T19:15:45  test: it's not flaky, you're flaky
2025-05-23T14:32:52  chore: routine maintenance
2025-06-19T09:49:59  docs: clarify usage notes
2025-10-11T16:06:06  test: add edge case
2026-02-19T11:23:13  refactor: tidy internals
2026-03-18T18:40:20  fix: handle empty input gracefully
2024-06-16T17:21:51  refactor(output): add pagination to large reports
2024-06-27T12:38:58  style(scan): add a fast path for the common case
2024-07-08T19:55:05  docs: standing on the shoulders of giants (garak, sigma, trufflehog)
2024-08-07T14:12:12  docs(tests): add a --format json alias
2024-08-18T09:29:19  style(format): add a --quiet mode
